#
# There is insufficient memory for the Java Runtime Environment to continue.
# Native memory allocation (mmap) failed to map 1073741824 bytes for G1 virtual space
# Possible reasons:
#   The system is out of physical RAM or swap space
#   The process is running with CompressedOops enabled, and the Java Heap may be blocking the growth of the native heap
# Possible solutions:
#   Reduce memory load on the system
#   Increase physical memory or swap space
#   Check if swap backing store is full
#   Decrease Java heap size (-Xmx/-Xms)
#   Decrease number of Java threads
#   Decrease Java thread stack sizes (-Xss)
#   Set larger code cache with -XX:ReservedCodeCacheSize=
#   JVM is running with Zero Based Compressed Oops mode in which the Java heap is
#     placed in the first 32GB address space. The Java Heap base address is the
#     maximum limit for the native heap growth. Please use -XX:HeapBaseMinAddress
#     to set the Java Heap base and to place the Java Heap above 32GB virtual address.
# This output file may be truncated or incomplete.
#
#  Out of Memory Error (os_windows.cpp:3527), pid=448, tid=22248
#
# JRE version:  (19.0+36) (build )
# Java VM: Java HotSpot(TM) 64-Bit Server VM (19+36-2238, mixed mode, sharing, tiered, compressed oops, compressed class ptrs, g1 gc, windows-amd64)
# No core dump will be written. Minidumps are not enabled by default on client versions of Windows
#

---------------  S U M M A R Y ------------

Command Line: -Dclassworlds.conf=C:\Program Files\NetBeans-15\netbeans\java\maven\bin\m2.conf -Dmaven.home=C:\Program Files\NetBeans-15\netbeans\java\maven -Dlibrary.jansi.path=C:\Program Files\NetBeans-15\netbeans\java\maven\lib\jansi-native -Dmaven.multiModuleProjectDirectory=C:\Users\Hassan\Documents\NetBeansProjects\CardJitsu org.codehaus.plexus.classworlds.launcher.Launcher -Dexec.vmArgs= -Dexec.args=${exec.vmArgs} -classpath %classpath ${exec.mainClass} ${exec.appArgs} -Dexec.executable=C:\Program Files\Java\jdk-19\bin\java.exe -Dexec.mainClass=com.mycompany.cardjitsu.Main -Dexec.classpathScope=runtime -Dexec.appArgs= -Dmaven.ext.class.path=C:\Program Files\NetBeans-15\netbeans\java\maven-nblib\netbeans-eventspy.jar org.codehaus.mojo:exec-maven-plugin:3.0.0:exec

Host: AMD Ryzen 7 5800X 8-Core Processor             , 16 cores, 63G,  Windows 11 , 64 bit Build 22621 (10.0.22621.1485)
Time: Fri Apr 21 14:58:48 2023 Eastern Summer Time elapsed time: 0.009337 seconds (0d 0h 0m 0s)

---------------  T H R E A D  ---------------

Current thread (0x00000230654a02e0):  JavaThread "Unknown thread" [_thread_in_vm, id=22248, stack(0x000000e8c9400000,0x000000e8c9500000)]

Stack: [0x000000e8c9400000,0x000000e8c9500000]
Native frames: (J=compiled Java code, j=interpreted, Vv=VM code, C=native code)
V  [jvm.dll+0x6ee8fa]
V  [jvm.dll+0x857a1e]
V  [jvm.dll+0x85940e]
V  [jvm.dll+0x859ac3]
V  [jvm.dll+0x28291f]
V  [jvm.dll+0x6eb6e9]
V  [jvm.dll+0x6e028a]
V  [jvm.dll+0x357136]
V  [jvm.dll+0x35eb96]
V  [jvm.dll+0x3b555e]
V  [jvm.dll+0x3b578f]
V  [jvm.dll+0x32c6ea]
V  [jvm.dll+0x32d59e]
V  [jvm.dll+0x821b20]
V  [jvm.dll+0x3c27c1]
V  [jvm.dll+0x8022f1]
V  [jvm.dll+0x44b30f]
V  [jvm.dll+0x44cc91]
C  [jli.dll+0x5287]
C  [ucrtbase.dll+0x29363]
C  [KERNEL32.DLL+0x1269d]
C  [ntdll.dll+0x5a9f8]


---------------  P R O C E S S  ---------------

Threads class SMR info:
_java_thread_list=0x00007ff972e0d048, length=0, elements={
}

Java Threads: ( => current thread )

Other Threads:
  0x000002307ecc08a0 WorkerThread "GC Thread#0" [stack: 0x000000e8c9500000,0x000000e8c9600000] [id=8000]
  0x000002306555e750 ConcurrentGCThread "G1 Main Marker" [stack: 0x000000e8c9600000,0x000000e8c9700000] [id=13096]
  0x000002307ecc98b0 WorkerThread "G1 Conc#0" [stack: 0x000000e8c9700000,0x000000e8c9800000] [id=40356]

[error occurred during error reporting (printing all threads), id 0xc0000005, EXCEPTION_ACCESS_VIOLATION (0xc0000005) at pc=0x00007ff9725cd127]

VM state: not at safepoint (not fully initialized)

VM Mutex/Monitor currently owned by a thread:  ([mutex/lock_event])
[0x000002306549a6c0] Heap_lock - owner thread: 0x00000230654a02e0

Heap address: 0x0000000400800000, size: 16376 MB, Compressed Oops mode: Zero based, Oop shift amount: 3

CDS archive(s) mapped at: [0x0000000000000000-0x0000000000000000-0x0000000000000000), size 0, SharedBaseAddress: 0x0000000800000000, ArchiveRelocationMode: 0.
Narrow klass base: 0x0000000000000000, Narrow klass shift: 0, Narrow klass range: 0x0

GC Precious Log:
 CardTable entry size: 512
 Card Set container configuration: InlinePtr #cards 4 size 8 Array Of Cards #cards 32 size 80 Howl #buckets 8 coarsen threshold 14745 Howl Bitmap #cards 2048 size 272 coarsen threshold 1843 Card regions per heap region 1 cards per card region 16384

Heap:
 garbage-first heap   total 0K, used 0K [0x0000000400800000, 0x0000000800000000)
  region size 8192K, 0 young (0K), 0 survivors (0K)

[error occurred during error reporting (printing heap information), id 0xc0000005, EXCEPTION_ACCESS_VIOLATION (0xc0000005) at pc=0x00007ff9729d6959]

GC Heap History (0 events):
No events

Dll operation events (1 events):
Event: 0.006 Loaded shared library C:\Program Files\Java\jdk-19\bin\java.dll

Deoptimization events (0 events):
No events

Classes loaded (0 events):
No events

Classes unloaded (0 events):
No events

Classes redefined (0 events):
No events

Internal exceptions (0 events):
No events

VM Operations (0 events):
No events

Events (0 events):
No events


Dynamic libraries:
0x00007ff77e0c0000 - 0x00007ff77e0d0000 	C:\Program Files\Java\jdk-19\bin\java.exe
0x00007ff9f9950000 - 0x00007ff9f9b64000 	C:\WINDOWS\SYSTEM32\ntdll.dll
0x00007ff9f7aa0000 - 0x00007ff9f7b62000 	C:\WINDOWS\System32\KERNEL32.DLL
0x00007ff9f6e00000 - 0x00007ff9f719c000 	C:\WINDOWS\System32\KERNELBASE.dll
0x00007ff9f75c0000 - 0x00007ff9f76d1000 	C:\WINDOWS\System32\ucrtbase.dll
0x00007ff9f2250000 - 0x00007ff9f226b000 	C:\Program Files\Java\jdk-19\bin\VCRUNTIME140.dll
0x00007ff9c9b40000 - 0x00007ff9c9b58000 	C:\Program Files\Java\jdk-19\bin\jli.dll
0x00007ff9f9710000 - 0x00007ff9f97be000 	C:\WINDOWS\System32\ADVAPI32.dll
0x00007ff9f83f0000 - 0x00007ff9f8497000 	C:\WINDOWS\System32\msvcrt.dll
0x00007ff9f87b0000 - 0x00007ff9f8854000 	C:\WINDOWS\System32\sechost.dll
0x00007ff9f8680000 - 0x00007ff9f8797000 	C:\WINDOWS\System32\RPCRT4.dll
0x00007ff9f7ff0000 - 0x00007ff9f819b000 	C:\WINDOWS\System32\USER32.dll
0x00007ff9f7300000 - 0x00007ff9f7326000 	C:\WINDOWS\System32\win32u.dll
0x00007ff9f8250000 - 0x00007ff9f8279000 	C:\WINDOWS\System32\GDI32.dll
0x00007ff9f74a0000 - 0x00007ff9f75b3000 	C:\WINDOWS\System32\gdi32full.dll
0x00007ff9d8b00000 - 0x00007ff9d8d8e000 	C:\WINDOWS\WinSxS\amd64_microsoft.windows.common-controls_6595b64144ccf1df_6.0.22621.608_none_a9444ca7c10bb01d\COMCTL32.dll
0x00007ff9f7260000 - 0x00007ff9f72fa000 	C:\WINDOWS\System32\msvcp_win.dll
0x00007ff9f0070000 - 0x00007ff9f007a000 	C:\WINDOWS\SYSTEM32\VERSION.dll
0x00007ff9f97c0000 - 0x00007ff9f97f1000 	C:\WINDOWS\System32\IMM32.DLL
0x00007ff9f2240000 - 0x00007ff9f224c000 	C:\Program Files\Java\jdk-19\bin\vcruntime140_1.dll
0x00007ff971f80000 - 0x00007ff97200e000 	C:\Program Files\Java\jdk-19\bin\msvcp140.dll
0x00007ff972290000 - 0x00007ff972f50000 	C:\Program Files\Java\jdk-19\bin\server\jvm.dll
0x00007ff9ddb80000 - 0x00007ff9ddb89000 	C:\WINDOWS\SYSTEM32\WSOCK32.dll
0x00007ff9ee5c0000 - 0x00007ff9ee5f4000 	C:\WINDOWS\SYSTEM32\WINMM.dll
0x00007ff9f7a20000 - 0x00007ff9f7a91000 	C:\WINDOWS\System32\WS2_32.dll
0x00007ff9f5ed0000 - 0x00007ff9f5ee8000 	C:\WINDOWS\SYSTEM32\kernel.appcore.dll
0x00007ff9ee4f0000 - 0x00007ff9ee4fa000 	C:\Program Files\Java\jdk-19\bin\jimage.dll
0x00007ff9ec430000 - 0x00007ff9ec65e000 	C:\WINDOWS\SYSTEM32\DBGHELP.DLL
0x00007ff9f9050000 - 0x00007ff9f93d9000 	C:\WINDOWS\System32\combase.dll
0x00007ff9f9820000 - 0x00007ff9f98f7000 	C:\WINDOWS\System32\OLEAUT32.dll
0x00007ff9ec9a0000 - 0x00007ff9ec9d2000 	C:\WINDOWS\SYSTEM32\dbgcore.DLL
0x00007ff9f76e0000 - 0x00007ff9f775b000 	C:\WINDOWS\System32\bcryptPrimitives.dll
0x00007ff9ee600000 - 0x00007ff9ee626000 	C:\Program Files\Java\jdk-19\bin\java.dll

dbghelp: loaded successfully - version: 4.0.5 - missing functions: none
symbol engine: initialized successfully - sym options: 0x614 - pdb path: .;C:\Program Files\Java\jdk-19\bin;C:\WINDOWS\SYSTEM32;C:\WINDOWS\WinSxS\amd64_microsoft.windows.common-controls_6595b64144ccf1df_6.0.22621.608_none_a9444ca7c10bb01d;C:\Program Files\Java\jdk-19\bin\server

VM Arguments:
jvm_args: -Dclassworlds.conf=C:\Program Files\NetBeans-15\netbeans\java\maven\bin\m2.conf -Dmaven.home=C:\Program Files\NetBeans-15\netbeans\java\maven -Dlibrary.jansi.path=C:\Program Files\NetBeans-15\netbeans\java\maven\lib\jansi-native -Dmaven.multiModuleProjectDirectory=C:\Users\Hassan\Documents\NetBeansProjects\CardJitsu 
java_command: org.codehaus.plexus.classworlds.launcher.Launcher -Dexec.vmArgs= -Dexec.args=${exec.vmArgs} -classpath %classpath ${exec.mainClass} ${exec.appArgs} -Dexec.executable=C:\Program Files\Java\jdk-19\bin\java.exe -Dexec.mainClass=com.mycompany.cardjitsu.Main -Dexec.classpathScope=runtime -Dexec.appArgs= -Dmaven.ext.class.path=C:\Program Files\NetBeans-15\netbeans\java\maven-nblib\netbeans-eventspy.jar org.codehaus.mojo:exec-maven-plugin:3.0.0:exec
java_class_path (initial): C:\Program Files\NetBeans-15\netbeans\java\maven\boot\plexus-classworlds-2.6.0.jar
Launcher Type: SUN_STANDARD

[Global flags]
     intx CICompilerCount                          = 12                                        {product} {ergonomic}
     uint ConcGCThreads                            = 3                                         {product} {ergonomic}
     uint G1ConcRefinementThreads                  = 13                                        {product} {ergonomic}
   size_t G1HeapRegionSize                         = 8388608                                   {product} {ergonomic}
    uintx GCDrainStackTargetSize                   = 64                                        {product} {ergonomic}
   size_t InitialHeapSize                          = 1073741824                                {product} {ergonomic}
   size_t MarkStackSize                            = 4194304                                   {product} {ergonomic}
   size_t MaxHeapSize                              = 17171480576                               {product} {ergonomic}
   size_t MinHeapDeltaBytes                        = 8388608                                   {product} {ergonomic}
   size_t MinHeapSize                              = 8388608                                   {product} {ergonomic}
    uintx NonNMethodCodeHeapSize                   = 7602480                                {pd product} {ergonomic}
    uintx NonProfiledCodeHeapSize                  = 122027880                              {pd product} {ergonomic}
    uintx ProfiledCodeHeapSize                     = 122027880                              {pd product} {ergonomic}
    uintx ReservedCodeCacheSize                    = 251658240                              {pd product} {ergonomic}
     bool SegmentedCodeCache                       = true                                      {product} {ergonomic}
   size_t SoftMaxHeapSize                          = 17171480576                            {manageable} {ergonomic}
     bool UseCompressedClassPointers               = true                           {product lp64_product} {ergonomic}
     bool UseCompressedOops                        = true                           {product lp64_product} {ergonomic}
     bool UseG1GC                                  = true                                      {product} {ergonomic}
     bool UseLargePagesIndividualAllocation        = false                                  {pd product} {ergonomic}

Logging:
Log output configuration:
 #0: stdout all=warning uptime,level,tags foldmultilines=false
 #1: stderr all=off uptime,level,tags foldmultilines=false

Environment Variables:
JAVA_HOME=C:\Program Files\Java\jdk-19
PATH=C:\Program Files (x86)\VMware\VMware Workstation\bin\;C:\Program Files\Common Files\Oracle\Java\javapath;C:\Program Files\Zulu\zulu-17\bin\;C:\Program Files (x86)\Common Files\Intel\Shared Libraries\redist\intel64\compiler;C:\Windows\system32;C:\Windows;C:\Windows\System32\Wbem;C:\Windows\System32\WindowsPowerShell\v1.0\;C:\Windows\System32\OpenSSH\;C:\Program Files (x86)\NVIDIA Corporation\PhysX\Common;C:\Program Files (x86)\Windows Live\Shared;C:\Program Files\NVIDIA Corporation\NVIDIA NvDLISR;C:\WINDOWS\system32;C:\WINDOWS;C:\WINDOWS\System32\Wbem;C:\WINDOWS\System32\WindowsPowerShell\v1.0\;C:\WINDOWS\System32\OpenSSH\;C:\Program Files\PuTTY\;C:\Program Files\CubeCoders Limited\AMP\;C:\Program Files\nodejs\;C:\Program Files\dotnet\;C:\Program Files\Git\cmd;C:\Users\Hassan\AppData\Local\Microsoft\WindowsApps;C:\Users\Hassan\AppData\Local\Programs\Microsoft VS Code\bin;C:\Program Files\Java\jdk-15.0.2\bin;C:\Users\Hassan\AppData\Roaming\npm;;C:\Users\Hassan\AppData\Local\Programs\Azure Data Studio\bin
USERNAME=Hassan
OS=Windows_NT
PROCESSOR_IDENTIFIER=AMD64 Family 25 Model 33 Stepping 0, AuthenticAMD
TMP=C:\Users\Hassan\AppData\Local\Temp
TEMP=C:\Users\Hassan\AppData\Local\Temp



---------------  S Y S T E M  ---------------

OS:
 Windows 11 , 64 bit Build 22621 (10.0.22621.1485)
OS uptime: 1 days 3:31 hours

CPU: total 16 (initial active 16) (16 cores per cpu, 2 threads per core) family 25 model 33 stepping 0 microcode 0x0, cx8, cmov, fxsr, ht, mmx, 3dnowpref, sse, sse2, sse3, ssse3, sse4a, sse4.1, sse4.2, popcnt, lzcnt, tsc, tscinvbit, avx, avx2, aes, erms, clmul, bmi1, bmi2, adx, sha, fma, vzeroupper, clflush, clflushopt, rdtscp, rdpid, fsrm

Memory: 4k page, system-wide physical 65481M (40655M free)
TotalPageFile size 65481M (AvailPageFile size 422M)
current process WorkingSet (physical memory assigned to process): 12M, peak: 12M
current process commit charge ("private bytes"): 71M, peak: 1095M

vm_info: Java HotSpot(TM) 64-Bit Server VM (19+36-2238) for windows-amd64 JRE (19+36-2238), built on 2022-08-12T20:29:01Z by "mach5one" with MS VC++ 17.1 (VS2022)

END.
